[00:03:32] [Render thread/WARN]: [EMF]: model attempted creation more than 500 times {cataclysm:kobolediator_head_model#main]. EMF is now ignoring this model.
[00:03:32] [Render thread/WARN]: [EMF]: model attempted creation more than 500 times {cataclysm:aptrgangr_head_model#main]. EMF is now ignoring this model.
[00:03:32] [Render thread/WARN]: [EMF]: model attempted creation more than 500 times {cataclysm:draugr_head_model#main]. EMF is now ignoring this model.
[00:05:08] [Render thread/ERROR]: Signature is missing from Property textures
[00:05:08] [Server thread/INFO]: Saving and pausing game...
[00:05:08] [Server thread/INFO]: Saving chunks for level 'ServerLevel[test]'/minecraft:overworld
[00:05:08] [Server thread/INFO]: Saving chunks for level 'ServerLevel[test]'/deeperdarker:otherside
[00:05:08] [Server thread/INFO]: Saving chunks for level 'ServerLevel[test]'/blue_skies:everdawn
[00:05:08] [Server thread/INFO]: Saving chunks for level 'ServerLevel[test]'/minecraft:the_end
[00:05:08] [Server thread/INFO]: Saving chunks for level 'ServerLevel[test]'/minecraft:the_nether
[00:05:08] [Server thread/INFO]: Saving chunks for level 'ServerLevel[test]'/blue_skies:everbright
[00:05:08] [Server thread/INFO]: Saving chunks for level 'ServerLevel[test]'/twilightforest:twilight_forest
[00:05:08] [Server thread/INFO]: Saving chunks for level 'ServerLevel[test]'/ae2:spatial_storage
[00:22:30] [Render thread/INFO]: Stopping worker threads
[00:22:30] [Render thread/INFO]: Started 6 worker threads
[01:46:11] [Render thread/ERROR]: Deleting stream buffers: Invalid operation.
[01:46:11] [Render thread/ERROR]: Deleting stream buffers: Invalid operation.
[01:46:11] [Render thread/ERROR]: Deleting stream buffers: Invalid operation.
[01:46:11] [Render thread/ERROR]: Deleting stream buffers: Invalid operation.
[01:46:11] [Render thread/ERROR]: Deleting stream buffers: Invalid operation.
[01:46:11] [Render thread/ERROR]: Deleting stream buffers: Invalid operation.
[01:46:11] [Render thread/INFO]: Finalizing world map session...
[01:46:11] [Thread-68/INFO]: World map cleaned normally!
[01:46:11] [Render thread/INFO]: World map session finalized.
[01:46:11] [Render thread/INFO]: Xaero hud session finalized.
[01:46:11] [Render thread/INFO]: JEI StartEventObserver received class net.minecraftforge.client.event.ClientPlayerNetworkEvent$LoggingOut
[01:46:11] [Render thread/INFO]: JEI StartEventObserver transitioning state from JEI_STARTED to DISABLED
[01:46:11] [Render thread/INFO]: Stopping JEI
[01:46:11] [Render thread/INFO]: Sending Runtime Unavailable...
[01:46:11] [Render thread/INFO]: Stopping JEI GUI
[01:46:11] [Render thread/INFO]: Sending Runtime Unavailable took 13.03 ms
[01:46:11] [Render thread/INFO]: Released client Flux Networks cache
[01:46:11] [Server thread/INFO]: CactusGod_ lost connection: Disconnected
[01:46:11] [Server thread/INFO]: CactusGod_ left the game
[01:46:11] [Server thread/INFO]: Stopping singleplayer server as player logged out
[01:46:12] [Server thread/INFO]: Stopping server
[01:46:12] [Server thread/INFO]: Saving players
[01:46:12] [Server thread/INFO]: Saving worlds
[01:46:12] [Server thread/INFO]: Saving chunks for level 'ServerLevel[test]'/minecraft:overworld
[01:46:12] [Server thread/INFO]: Saving chunks for level 'ServerLevel[test]'/deeperdarker:otherside
[01:46:12] [Server thread/INFO]: Saving chunks for level 'ServerLevel[test]'/blue_skies:everdawn
[01:46:12] [Server thread/INFO]: Saving chunks for level 'ServerLevel[test]'/minecraft:the_end
[01:46:12] [Server thread/INFO]: Saving chunks for level 'ServerLevel[test]'/minecraft:the_nether
[01:46:12] [Server thread/INFO]: Saving chunks for level 'ServerLevel[test]'/blue_skies:everbright
[01:46:12] [Server thread/INFO]: Saving chunks for level 'ServerLevel[test]'/twilightforest:twilight_forest
[01:46:12] [Server thread/INFO]: Saving chunks for level 'ServerLevel[test]'/ae2:spatial_storage
[01:46:12] [Server thread/INFO]: ThreadedAnvilChunkStorage (test): All chunks are saved
[01:46:12] [Server thread/INFO]: ThreadedAnvilChunkStorage (otherside): All chunks are saved
[01:46:12] [Server thread/INFO]: ThreadedAnvilChunkStorage (everdawn): All chunks are saved
[01:46:12] [Server thread/INFO]: ThreadedAnvilChunkStorage (DIM1): All chunks are saved
[01:46:12] [Server thread/INFO]: ThreadedAnvilChunkStorage (DIM-1): All chunks are saved
[01:46:12] [Server thread/INFO]: ThreadedAnvilChunkStorage (everbright): All chunks are saved
[01:46:12] [Server thread/INFO]: ThreadedAnvilChunkStorage (twilight_forest): All chunks are saved
[01:46:12] [Server thread/INFO]: ThreadedAnvilChunkStorage (spatial_storage): All chunks are saved
[01:46:12] [Server thread/INFO]: ThreadedAnvilChunkStorage: All dimensions are saved
[01:46:12] [Server thread/INFO]: Removing Dynamic Registries for: net.minecraft.client.server.IntegratedServer@32dac438
[01:46:12] [Server thread/INFO]: Unloading server configs...
[01:46:12] [Server thread/INFO]: Sending config unload event for refurbished_furniture.server.toml
[01:46:12] [Server thread/INFO]: Finished unloading server configs
[01:46:12] [Server thread/INFO]: StructuresTweaker cache cleared
[01:46:13] [Server thread/INFO]: Energy blacklist loaded: 1 block entries, 0 item entries
[01:46:13] [Render thread/INFO]: Stopping worker threads
[01:46:13] [Render thread/INFO]: [ETF]: emissive suffixes loaded: {_e}.
[01:46:13] [Render thread/ERROR]: Signature is missing from Property textures
[01:46:14] [Render thread/INFO]: Stopping!
[01:46:14] [Render thread/INFO]: Released client Flux Networks cache
[01:46:14] [Render thread/INFO]: [ETF]: emissive suffixes loaded: {_e}.
